[2026-07-14 15:47:17] INFO : Navigating to URL: https://www.saucedemo.com
[2026-07-14 15:47:17] INFO : Navigating to URL: https://www.saucedemo.com
[2026-07-14 15:47:17] INFO : Navigating to URL: https://www.saucedemo.com
[2026-07-14 15:47:17] INFO : ========== Login Started ==========
[2026-07-14 15:47:17] INFO : Entering Username: standard_user
[2026-07-14 15:47:17] INFO : Entering value: standard_user
[2026-07-14 15:47:18] INFO : ========== Login Started ==========
[2026-07-14 15:47:18] INFO : Entering Password
[2026-07-14 15:47:18] INFO : Entering Username: standard_user
[2026-07-14 15:47:18] INFO : Entering value: standard_user
[2026-07-14 15:47:18] INFO : Entering value: secret_sauce
[2026-07-14 15:47:18] INFO : Entering Password
[2026-07-14 15:47:18] INFO : Entering value: secret_sauce
[2026-07-14 15:47:18] INFO : Clicking Login Button
[2026-07-14 15:47:18] INFO : Clicking on element: locator('#login-button')
[2026-07-14 15:47:18] INFO : Clicking Login Button
[2026-07-14 15:47:18] INFO : Clicking on element: locator('#login-button')
[2026-07-14 15:47:18] INFO : Login Completed Successfully
[2026-07-14 15:47:18] INFO : Login Completed Successfully
[2026-07-14 15:47:18] INFO : Clicking on element: locator('#add-to-cart-sauce-labs-backpack')
[2026-07-14 15:47:18] INFO : Clicking on element: locator('#add-to-cart-sauce-labs-backpack')
[2026-07-14 15:47:18] INFO : Clicking on element: locator('.shopping_cart_link')
[2026-07-14 15:47:18] INFO : Clicking on element: locator('.shopping_cart_link')
[2026-07-14 15:47:18] INFO : Clicking on element: locator('#remove-sauce-labs-backpack')
[2026-07-14 15:47:18] INFO : Clicking on element: locator('#remove-sauce-labs-backpack')
[2026-07-14 15:47:19] INFO : ========== Login Started ==========
[2026-07-14 15:47:19] INFO : Entering Username: standard_user
[2026-07-14 15:47:19] INFO : Entering value: standard_user
[2026-07-14 15:47:20] INFO : Entering Password
[2026-07-14 15:47:20] INFO : Entering value: secret_sauce
[2026-07-14 15:47:20] INFO : ========== Login Started ==========
[2026-07-14 15:47:20] INFO : Entering Username: standard_user
[2026-07-14 15:47:20] INFO : Entering value: standard_user
[2026-07-14 15:47:20] INFO : Clicking Login Button
[2026-07-14 15:47:20] INFO : Clicking on element: locator('#login-button')
[2026-07-14 15:47:20] INFO : Entering Password
[2026-07-14 15:47:20] INFO : Entering value: secret_sauce
[2026-07-14 15:47:20] INFO : Clicking Login Button
[2026-07-14 15:47:20] INFO : Clicking on element: locator('#login-button')
[2026-07-14 15:47:20] INFO : Login Completed Successfully
[2026-07-14 15:47:20] INFO : Clicking on element: locator('#add-to-cart-sauce-labs-backpack')
[2026-07-14 15:47:20] INFO : Login Completed Successfully
[2026-07-14 15:47:21] INFO : Navigating to URL: https://www.saucedemo.com
[2026-07-14 15:47:23] INFO : Navigating to URL: https://www.saucedemo.com
[2026-07-14 15:47:24] INFO : Navigating to URL: https://www.saucedemo.com
[2026-07-14 15:47:24] INFO : ========== Login Started ==========
[2026-07-14 15:47:24] INFO : Entering Username: standard_user
[2026-07-14 15:47:24] INFO : Entering value: standard_user
[2026-07-14 15:47:25] INFO : Entering Password
[2026-07-14 15:47:25] INFO : Entering value: secret_sauce
[2026-07-14 15:47:25] INFO : Clicking Login Button
[2026-07-14 15:47:25] INFO : Clicking on element: locator('#login-button')
[2026-07-14 15:47:25] INFO : Login Completed Successfully
[2026-07-14 15:47:25] INFO : Clicking on element: locator('#add-to-cart-sauce-labs-backpack')
[2026-07-14 15:47:25] INFO : ========== Login Started ==========
[2026-07-14 15:47:25] INFO : Entering Username: standard_user
[2026-07-14 15:47:25] INFO : Entering value: standard_user
[2026-07-14 15:47:25] INFO : Navigating to URL: https://www.saucedemo.com
[2026-07-14 15:47:26] INFO : Entering Password
[2026-07-14 15:47:26] INFO : Entering value: secret_sauce
[2026-07-14 15:47:26] INFO : Clicking Login Button
[2026-07-14 15:47:26] INFO : Clicking on element: locator('#login-button')
[2026-07-14 15:47:26] INFO : Clicking on element: locator('.shopping_cart_link')
[2026-07-14 15:47:26] INFO : Clicking on element: locator('#remove-sauce-labs-backpack')
[2026-07-14 15:47:26] INFO : Login Completed Successfully
[2026-07-14 15:47:26] INFO : Clicking on element: locator('#add-to-cart-sauce-labs-backpack')
[2026-07-14 15:47:26] INFO : Clicking on element: locator('.shopping_cart_link')
[2026-07-14 15:47:27] INFO : Clicking on element: locator('#remove-sauce-labs-backpack')
[2026-07-14 15:47:28] INFO : ========== Login Started ==========
[2026-07-14 15:47:28] INFO : Entering Username: standard_user
[2026-07-14 15:47:29] INFO : Entering value: standard_user
[2026-07-14 15:47:29] INFO : Entering Password
[2026-07-14 15:47:29] INFO : Entering value: secret_sauce
[2026-07-14 15:47:29] INFO : Clicking Login Button
[2026-07-14 15:47:29] INFO : Clicking on element: locator('#login-button')
[2026-07-14 15:47:29] INFO : Login Completed Successfully
[2026-07-14 15:47:29] INFO : Clicking on element: locator('#add-to-cart-sauce-labs-backpack')
[2026-07-14 15:47:31] INFO : ========== Login Started ==========
[2026-07-14 15:47:31] INFO : Entering Username: standard_user
[2026-07-14 15:47:31] INFO : Entering value: standard_user
[2026-07-14 15:47:31] INFO : Entering Password
[2026-07-14 15:47:31] INFO : Entering value: secret_sauce
[2026-07-14 15:47:31] INFO : Clicking Login Button
[2026-07-14 15:47:31] INFO : Clicking on element: locator('#login-button')
[2026-07-14 15:47:31] INFO : Login Completed Successfully
[2026-07-14 15:47:33] INFO : Navigating to URL: https://www.saucedemo.com
[2026-07-14 15:47:35] INFO : Navigating to URL: https://www.saucedemo.com
[2026-07-14 15:47:35] INFO : Navigating to URL: https://www.saucedemo.com
[2026-07-14 15:47:35] INFO : Navigating to URL: https://www.saucedemo.com
[2026-07-14 15:47:36] INFO : ========== Login Started ==========
[2026-07-14 15:47:36] INFO : ========== Login Started ==========
[2026-07-14 15:47:36] INFO : Entering Username: standard_user
[2026-07-14 15:47:36] INFO : Entering value: standard_user
[2026-07-14 15:47:36] INFO : Entering Username: standard_user
[2026-07-14 15:47:36] INFO : Entering value: standard_user
[2026-07-14 15:47:36] INFO : Entering Password
[2026-07-14 15:47:36] INFO : Entering value: secret_sauce
[2026-07-14 15:47:36] INFO : Entering Password
[2026-07-14 15:47:36] INFO : Entering value: secret_sauce
[2026-07-14 15:47:36] INFO : Clicking Login Button
[2026-07-14 15:47:36] INFO : Clicking Login Button
[2026-07-14 15:47:36] INFO : Clicking on element: locator('#login-button')
[2026-07-14 15:47:36] INFO : Clicking on element: locator('#login-button')
[2026-07-14 15:47:36] INFO : Login Completed Successfully
[2026-07-14 15:47:36] INFO : Login Completed Successfully
[2026-07-14 15:47:36] INFO : Clicking on element: locator('#add-to-cart-sauce-labs-backpack')
[2026-07-14 15:47:36] INFO : Clicking on element: locator('#add-to-cart-sauce-labs-backpack')
[2026-07-14 15:47:36] INFO : Clicking on element: locator('.shopping_cart_link')
[2026-07-14 15:47:37] INFO : Clicking on element: locator('.shopping_cart_link')
[2026-07-14 15:47:37] INFO : Clicking on element: locator('#remove-sauce-labs-backpack')
[2026-07-14 15:47:37] INFO : Clicking on element: locator('#remove-sauce-labs-backpack')
[2026-07-14 15:47:38] INFO : ========== Login Started ==========
[2026-07-14 15:47:38] INFO : Entering Username: standard_user
[2026-07-14 15:47:38] INFO : Entering value: standard_user
[2026-07-14 15:47:38] INFO : Entering Password
[2026-07-14 15:47:38] INFO : Entering value: secret_sauce
[2026-07-14 15:47:38] INFO : Clicking Login Button
[2026-07-14 15:47:38] INFO : Clicking on element: locator('#login-button')
[2026-07-14 15:47:38] INFO : Login Completed Successfully
[2026-07-14 15:47:38] INFO : Clicking on element: locator('#add-to-cart-sauce-labs-backpack')
[2026-07-14 15:47:39] INFO : ========== Login Started ==========
[2026-07-14 15:47:39] INFO : Entering Username: standard_user
[2026-07-14 15:47:39] INFO : Entering value: standard_user
[2026-07-14 15:47:39] INFO : Entering Password
[2026-07-14 15:47:39] INFO : Entering value: secret_sauce
[2026-07-14 15:47:39] INFO : Clicking Login Button
[2026-07-14 15:47:39] INFO : Clicking on element: locator('#login-button')
[2026-07-14 15:47:39] INFO : Login Completed Successfully
[2026-07-14 15:47:39] INFO : Navigating to URL: https://www.saucedemo.com
